     1                                  ; hello-os
     2                                  
     3                                  CYLS    EQU     10
     4                                  
     5                                  ORG     0x7c00
     6                                  
     7 00000000 EB4E                    JMP     entry
     8 00000002 90                      DB      0x90
     9 00000003 48454C4C4F49504C        DB      "HELLOIPL"
    10 0000000B 0002                    DW      512
    11 0000000D 01                      DB      1
    12 0000000E 0100                    DW      1
    13 00000010 02                      DB      2
    14 00000011 E000                    DW      224
    15 00000013 400B                    DW      2880
    16 00000015 F0                      DB      0xf0
    17 00000016 0900                    DW      9
    18 00000018 1200                    DW      18
    19 0000001A 0200                    DW      2
    20 0000001C 00000000                DD      0
    21 00000020 400B0000                DD      2880
    22 00000024 000029                  DB      0,0,0x29
    23 00000027 FFFFFFFF                DD      0xffffffff
    24 0000002B 48454C4C4F2D4F5320-     DB      "HELLO-OS   "
    24 00000034 2020               
    25 00000036 4641543132202020        DB      "FAT12   "
    26 0000003E 00<rept>                TIMES   18 DB 0
    27                                  
    28                                  ; Main
    29                                  entry:
    30 00000050 B80000                      MOV     AX, 0
    31 00000053 8ED0                        MOV     SS, AX
    32 00000055 BC007C                      MOV     SP, 0x7c00
    33 00000058 8ED8                        MOV     DS, AX
    34                                  
    35 0000005A B82008                  MOV     AX, 0x0820
    36 0000005D 8EC0                    MOV     ES, AX
    37 0000005F B500                    MOV     CH, 0
    38 00000061 B600                    MOV     DH, 0
    39 00000063 B102                    MOV     CL, 2
    40                                  
    41                                  readloop:
    42 00000065 BE0000                      MOV     SI, 0
    43                                  
    44                                  retry:
    45 00000068 B402                        MOV     AH, 0x02
    46 0000006A B001                        MOV     AL, 1
    47 0000006C BB0000                      MOV     BX, 0
    48 0000006F B200                        MOV     DL, 0x00
    49 00000071 CD13                        INT     0x13
    50 00000073 7310                        JNC     next
    51 00000075 83C601                      ADD     SI, 1
    52 00000078 83FE05                      CMP     SI, 5
    53 0000007B 732E                        JAE     error
    54 0000007D B400                        MOV     AH, 0x00
    55 0000007F B200                        MOV     DL, 0x00
    56 00000081 CD13                        INT     0x13
    57 00000083 EBE3                        JMP     retry
    58                                  
    59                                  next:
    60 00000085 8CC0                        MOV     AX, ES
    61 00000087 83C020                      ADD     AX, 0x0020
    62 0000008A 8EC0                        MOV     ES, AX
    63 0000008C 80C101                      ADD     CL, 1
    64 0000008F 80F912                      CMP     CL, 18
    65 00000092 76D1                        JBE     readloop
    66 00000094 B101                        MOV     CL, 1
    67 00000096 80C601                      ADD     DH, 1
    68 00000099 80FE02                      CMP     DH, 2
    69 0000009C 72C7                        JB      readloop
    70 0000009E B600                        MOV     DH, 0
    71 000000A0 80C501                      ADD     CH, 1
    72 000000A3 80FD0A                      CMP     CH, CYLS
    73 000000A6 72BD                        JB      readloop
    74                                  
    75                                  fin:
    76 000000A8 F4                          HLT
    77 000000A9 EBFD                        JMP fin
    78                                  
    79                                  error:
    80 000000AB BE[C000]                    MOV     SI, msg
    81                                  
    82                                  putloop:
    83 000000AE 8A04                        MOV     AL, [SI]
    84 000000B0 83C601                      ADD     SI, 1
    85 000000B3 3C00                        CMP     AL, 0
    86 000000B5 74F1                        JE      fin
    87 000000B7 B40E                        MOV     AH, 0x0e
    88 000000B9 BB0F00                      MOV     BX, 15
    89 000000BC CD10                        INT     0x10
    90 000000BE EBEE                        JMP     putloop
    91                                  
    92                                  
    93                                  msg:
    94 000000C0 0A0A                        DB      0x0a, 0x0a
    95 000000C2 6C6F6164206572726F-         DB      "load error"
    95 000000CB 72                 
    96 000000CC 0A                          DB      0x0a
    97 000000CD 00                          DB      0
    98                                  
    99 000000CE 00<rept>                TIMES   0x1fe-($-$$) DB 0
   100 000001FE 55AA                    DB      0x55, 0xaa
