     1                                  ; hello-os
     2                                  
     3                                  CYLS    EQU     10          ; どこまで読み込むか？
     4                                  
     5                                          ORG     0x7c00              ; このプログラムがメモリ上のどこに読み込まれるか？
     6                                  
     7                                  ; description for floppy disk
     8 00000000 EB4E                            JMP     entry
     9 00000002 90                              DB      0x90
    10 00000003 48454C4C4F49504C                DB      "HELLOIPL"
    11 0000000B 0002                            DW      512
    12 0000000D 01                              DB      1
    13 0000000E 0100                            DW      1
    14 00000010 02                              DB      2
    15 00000011 E000                            DW      224
    16 00000013 400B                            DW      2880
    17 00000015 F0                              DB      0xf0
    18 00000016 0900                            DW      9
    19 00000018 1200                            DW      18
    20 0000001A 0200                            DW      2
    21 0000001C 00000000                        DD      0
    22 00000020 400B0000                        DD      2880
    23                                  ; FAT12/16におけるオフセット36以降のフィールド
    24 00000024 000029                          DB      0,0,0x29
    25                                  
    26 00000027 FFFFFFFF                        DD      0xffffffff
    27 0000002B 48454C4C4F2D4F5320-             DB      "HELLO-OS   "
    27 00000034 2020               
    28 00000036 4641543132202020                DB      "FAT12   "
    29 0000003E 00<rept>                        TIMES   18 DB 0
    30                                  
    31                                  ; START BS_BootCode 64(0x14) 448(0x1C0) 
    32                                  entry:
    33 00000050 B80000                          MOV     AX, 0           ; initialize Accumulator
    34 00000053 8ED0                            MOV     SS, AX          ; Stack Segment
    35 00000055 BC007C                          MOV     SP, 0x7c00      ; Stack Pointer
    36 00000058 8ED8                            MOV     DS, AX          ; Data Segment
    37                                  
    38                                  ; load disk
    39 0000005A B82008                          MOV     AX, 0x0820
    40 0000005D 8EC0                            MOV     ES, AX              ; buffer address    0x0820
    41 0000005F B500                            MOV     CH, 0               ; cylinder  0
    42 00000061 B600                            MOV     DH, 0               ; head      0
    43 00000063 B102                            MOV     CL, 2               ; sector    2
    44                                  
    45                                  readloop:
    46 00000065 BE0000                          MOV     SI, 0           ; 失敗回数を数えるレジスタ
    47                                  
    48                                  retry:
    49 00000068 B402                            MOV     AH, 0x02        ; accumulator high  : 0x02 - read disk
    50 0000006A B001                            MOV     AL, 1           ; accumulator low   : sector
    51 0000006C BB0000                          MOV     BX, 0           ; buffer address    0x0000
    52                                                                  ; ES:BX ESは代入済み
    53 0000006F B200                            MOV     DL, 0x00        ; data low          : drive number
    54 00000071 CD13                            INT     0x13            ; BIOS  call
    55 00000073 7310                            JNC     next            ; jump if not carry
    56                                          
    57 00000075 83C601                          ADD     SI, 1           ; increment SI
    58 00000078 83FE05                          CMP     SI, 5
    59 0000007B 7332                            JAE     error           ; SI >= 5 then jump to error
    60                                      
    61 0000007D B400                            MOV     AH, 0x00        ; 0x00 - reset
    62 0000007F B200                            MOV     DL, 0x00        ; A drive
    63 00000081 CD13                            INT     0x13            ; reset drive
    64 00000083 EBE3                            JMP     retry
    65                                  
    66                                  next:
    67                                          ; add 0x20 to ES
    68                                          ; = ADD BX 512
    69 00000085 8CC0                            MOV     AX, ES          ; 0x20だけアドレスを進める
    70 00000087 83C020                          ADD     AX, 0x0020      ; 512 / 16 = 0x20
    71 0000008A 8EC0                            MOV     ES, AX
    72                                      
    73                                          ; increment CL (sector number)
    74 0000008C 80C101                          ADD     CL, 1
    75 0000008F 80F912                          CMP     CL, 18
    76 00000092 76D1                            JBE     readloop
    77                                      
    78                                          ; ディスクのウラ面
    79 00000094 B101                            MOV     CL, 1           ; reset sector
    80 00000096 80C601                          ADD     DH, 1           ; reverse HEAD
    81 00000099 80FE02                          CMP     DH, 2
    82 0000009C 72C7                            JB      readloop
    83                                      
    84                                          ; next Cylinder
    85 0000009E B600                            MOV     DH, 0           ; reset HEAD
    86 000000A0 80C501                          ADD     CH, 1           ; cylinder += 1
    87 000000A3 80FD0A                          CMP     CH, CYLS
    88 000000A6 72BD                            JB      readloop
    89                                  
    90                                  ; ブートセクタの読み込みが終わったので、OSを実行
    91 000000A8 882EF00F                        MOV     [0x0ff0], CH        ; IPLがどこまで読んだのかメモ
    92 000000AC E9(00C2)                        JMP     0xc200
    93                                  
    94                                  error:
    95 000000AF BE[C700]                        MOV     SI, msg
    96                                  
    97                                  putloop:
    98 000000B2 8A04                            MOV     AL, [SI]        ; BYTE (accumulator low)
    99 000000B4 83C601                          ADD     SI, 1           ; increment
   100 000000B7 3C00                            CMP     AL, 0           ; 終了条件
   101 000000B9 7409                            JE      fin             ; jump to fin if equal to 0
   102                                      
   103 000000BB B40E                            MOV     AH, 0x0e        ; 1 char-function
   104 000000BD BB0F00                          MOV     BX, 15          ; color code
   105 000000C0 CD10                            INT     0x10            ; interrupt, call BIOS
   106 000000C2 EBEE                            JMP     putloop
   107                                  
   108                                  fin:
   109 000000C4 F4                              HLT                     ; なにかあるまでCPUを停止させる
   110 000000C5 EBFD                            JMP fin                 ; 無限ループ
   111                                  
   112                                  msg:
   113 000000C7 0A0A                            DB      0x0a, 0x0a
   114 000000C9 6C6F6164206572726F-             DB      "load error"
   114 000000D2 72                 
   115 000000D3 0A                              DB      0x0a
   116 000000D4 00                              DB      0               ; end point
   117                                  
   118 000000D5 00<rept>                        TIMES   0x1fe-($-$$) DB 0   
   119                                          ; 現在の場所から0x1fdまで(残りの未使用領域)を0で埋める
   120                                          ; 0x7c00スタートなのでその分を引いてる
   121                                  ; END BS_BootCode
   122 000001FE 55AA                            DB      0x55, 0xaa          ; BS_BootSign, boot signature
